<?xml version="1.0" encoding="UTF-8"?>
<!-- Generated by org.testng.reporters.JUnitReportReporter -->
<testsuite skipped="0" hostname="ip-172-31-21-202" name="com.practice.testngProject.TestNgAnnotation" tests="3" failures="0" timestamp="2023-03-14T09:29:38 UTC" time="0.009" errors="0">
  <testcase name="login" time="0.005" classname="com.practice.testngProject.TestNgAnnotation"/>
  <system-out/>
  <testcase name="fundTransfer" time="0.002" classname="com.practice.testngProject.TestNgAnnotation"/>
  <system-out/>
  <testcase name="logout" time="0.002" classname="com.practice.testngProject.TestNgAnnotation"/>
  <system-out/>
</testsuite> <!-- com.practice.testngProject.TestNgAnnotation -->
