<?xml version="1.0" encoding="UTF-8"?>
<!-- Generated by org.testng.reporters.JUnitReportReporter -->
<testsuite skipped="0" hostname="ip-172-31-21-202" name="com.practice.testngProject.Groupsdemo" tests="3" failures="0" timestamp="2023-03-14T10:55:12 UTC" time="0.010" errors="0">
  <testcase name="testCase1" time="0.008" classname="com.practice.testngProject.Groupsdemo"/>
  <system-out/>
  <testcase name="testCase2" time="0.001" classname="com.practice.testngProject.Groupsdemo"/>
  <system-out/>
  <testcase name="testCase3" time="0.001" classname="com.practice.testngProject.Groupsdemo"/>
  <system-out/>
</testsuite> <!-- com.practice.testngProject.Groupsdemo -->
