<?xml version="1.0" encoding="UTF-8"?>
<!-- Generated by org.testng.reporters.JUnitReportReporter -->
<testsuite skipped="0" hostname="ip-172-31-21-202" name="com.practice.testngProject.ParametersDemo" tests="1" failures="0" timestamp="2023-03-14T10:55:58 UTC" time="0.009" errors="0">
  <testcase name="launchBrowser" time="0.009" classname="com.practice.testngProject.ParametersDemo"/>
  <system-out/>
</testsuite> <!-- com.practice.testngProject.ParametersDemo -->
