<?xml version="1.0" encoding="UTF-8"?>
<!-- Generated by org.testng.reporters.JUnitReportReporter -->
<testsuite skipped="0" hostname="ip-172-31-21-202" name="com.practice.testngProject.TestNGDemo" tests="3" failures="0" timestamp="2023-03-14T09:11:42 UTC" time="0.010" errors="0">
  <testcase name="method1" time="0.006" classname="com.practice.testngProject.TestNGDemo"/>
  <system-out/>
  <testcase name="method2" time="0.001" classname="com.practice.testngProject.TestNGDemo"/>
  <system-out/>
  <testcase name="method3" time="0.003" classname="com.practice.testngProject.TestNGDemo"/>
  <system-out/>
</testsuite> <!-- com.practice.testngProject.TestNGDemo -->
