<?xml version="1.0" encoding="UTF-8"?>
<!-- Generated by org.testng.reporters.JUnitReportReporter -->
<testsuite skipped="0" hostname="ip-172-31-21-202" name="com.practice.testngProject.TestNGAnnotationDemo" tests="2" failures="0" timestamp="2023-03-14T10:04:29 UTC" time="4.195" errors="0">
  <testcase name="checkRadioButton" time="2.113" classname="com.practice.testngProject.TestNGAnnotationDemo"/>
  <system-out/>
  <testcase name="clickCheckBox" time="2.082" classname="com.practice.testngProject.TestNGAnnotationDemo"/>
  <system-out/>
</testsuite> <!-- com.practice.testngProject.TestNGAnnotationDemo -->
